/var/spool/slurmd/job4001382/slurm_script: line 42: 00_user_parameters.inc: No such file or directory
                                  
================================= 
Global information about the job: 
================================= 
  
Job owner: flobnow(42847)
Job name:  1_AF2C
Node list: ravg1157
Job start: Mon Jan 23 11:00:47 CET 2023
Job end:   Mon Jan 23 11:00:50 CET 2023
Work dir:  /raven/u/flobnow/workingLama/scripts/myRuns/IL1R
Command:   /raven/u/flobnow/workingLama/scripts/myRuns/IL1R/script2_comp_model_1.sh
  
  
  
==========================================================================================
Information on jobsteps (Note: MaxRSS/AveRSS is the maximum/average over all 
tasks of the per-task memory high-water marks; cf. "man sacct"): 
==========================================================================================
  
JobID            JobName NNodes NTasks  NCPUS        0.00M        0.00M    Elapsed ExitCode
------------- ---------- ------ ------ ------ ------------ ------------ ---------- --------
4001382           1_AF2C      1           108                             00:00:03      1:0
  
Maximum memory per node: 0.001963 GB (defined as MaxRSS*Ntasks/NNodes)
CPU utilization: 0.0 %
  
