Info: input file name is IL1R_IL1AP_MYD88_x6
Info: input target list is /u/flobnow/workingLama/scripts/myRuns/IL1R_IL1AP_MYD88_x6/target.lst
Info: input feature directory is /u/flobnow/workingLama/feature_files
Info: result output directory is /u/flobnow/workingLama/output_files
Info: model preset is multimer_np
Info: msa pairing is all
Info: recycling setting is 1
srun: Job step aborted: Waiting up to 32 seconds for job step to finish.
slurmstepd: error: *** STEP 4001403.0 ON ravg1105 CANCELLED AT 2023-01-23T11:01:46 ***
slurmstepd: error: *** JOB 4001403 ON ravg1105 CANCELLED AT 2023-01-23T11:01:46 ***
                                  
================================= 
Global information about the job: 
================================= 
  
Job owner: flobnow(42847)
Job name:  4_AF2C
Node list: ravg1105
Job start: Mon Jan 23 11:01:41 CET 2023
Job end:   Mon Jan 23 11:01:46 CET 2023
Work dir:  /raven/u/flobnow/workingLama/scripts/myRuns/IL1R_IL1AP_MYD88_x6
Command:   /raven/u/flobnow/workingLama/scripts/myRuns/IL1R_IL1AP_MYD88_x6/script2_comp_model_4.sh
  
  
  
==========================================================================================
Information on jobsteps (Note: MaxRSS/AveRSS is the maximum/average over all 
tasks of the per-task memory high-water marks; cf. "man sacct"): 
==========================================================================================
  
JobID            JobName NNodes NTasks  NCPUS        0.00M        0.00M    Elapsed ExitCode
------------- ---------- ------ ------ ------ ------------ ------------ ---------- --------
4001403           4_AF2C      1           108                             00:00:05      0:0
4001403.0        python3      1      1    108        1.84M        1.84M   00:00:05     0:15
  
Maximum memory per node: 0.001950 GB (defined as MaxRSS*Ntasks/NNodes)
CPU utilization: 0.0 %
  
